<?xml version="1.0" encoding="UTF-8"?>
<testsuite xmlns:xsi="http://www.w3.org/2001/XMLSchema-instance" xsi:noNamespaceSchemaLocation="https://maven.apache.org/surefire/maven-surefire-plugin/xsd/surefire-test-report.xsd" version="3.0.2" name="homework.RunCucumberTest" time="1.396" tests="3" errors="0" skipped="0" failures="0">
  <properties>
[...]
</properties>
  <testcase name="Public IP is outside forbidden range" classname="Networking tests" time="1.316">
    <system-out><![CDATA[
@ip_check
Scenario: Public IP is outside forbidden range                      &amp#27;[90m# homework/networking.feature:4&amp#27;[0m
  &amp#27;[32mGiven &amp#27;[0m&amp#27;[32mretrieve my public IP&amp#27;[0m                                       &amp#27;[90m# homework.StepDefinitions.i_retrieve_my_public_ip()&amp#27;[0m
  &amp#27;[32mThen &amp#27;[0m&amp#27;[32mit should not be in the range &amp#27;[0m&amp#27;[32m&amp#27;[1m"101.33.28.0"&amp#27;[0m&amp#27;[32m to &amp#27;[0m&amp#27;[32m&amp#27;[1m"101.33.29.0"&amp#27;[0m &amp#27;[90m# homework.StepDefinitions.validate_ip_range(java.lang.String,java.lang.String)&amp#27;[0m
]]></system-out>
  </testcase>
  <testcase name="Resolve domain to expected IP address" classname="Networking tests" time="0.007">
    <system-out><![CDATA[
@dns_check
Scenario: Resolve domain to expected IP address             &amp#27;[90m# homework/networking.feature:9&amp#27;[0m
  &amp#27;[32mGiven &amp#27;[0m&amp#27;[32mresolve the domain &amp#27;[0m&amp#27;[32m&amp#27;[1m"google-public-dns-a.google.com"&amp#27;[0m &amp#27;[90m# homework.StepDefinitions.i_resolve_the_domain(java.lang.String)&amp#27;[0m
  &amp#27;[32mThen &amp#27;[0m&amp#27;[32mthe resolved IP address should be &amp#27;[0m&amp#27;[32m&amp#27;[1m"8.8.8.8"&amp#27;[0m          &amp#27;[90m# homework.StepDefinitions.the_resolved_ip_should_be(java.lang.String)&amp#27;[0m
]]></system-out>
  </testcase>
  <testcase name="Traceroute to 8.8.8.8 should complete within 10 hops" classname="Networking tests" time="0.023">
    <system-out><![CDATA[
@traceroute_check
Scenario: Traceroute to 8.8.8.8 should complete within 10 hops &amp#27;[90m# homework/networking.feature:14&amp#27;[0m
  &amp#27;[32mGiven &amp#27;[0m&amp#27;[32mperform a traceroute to &amp#27;[0m&amp#27;[32m&amp#27;[1m"8.8.8.8"&amp#27;[0m                      &amp#27;[90m# homework.StepDefinitions.i_perform_a_traceroute_to(java.lang.String)&amp#27;[0m
  &amp#27;[32mThen &amp#27;[0m&amp#27;[32mthe target should be reached within &amp#27;[0m&amp#27;[32m&amp#27;[1m10&amp#27;[0m&amp#27;[32m hops&amp#27;[0m             &amp#27;[90m# homework.StepDefinitions.the_target_should_be_reached_within_hops(java.lang.Integer)&amp#27;[0m
]]></system-out>
  </testcase>
</testsuite>